<?xml version="1.0" encoding="UTF-8"?>
<!-- Generated by org.testng.reporters.JUnitReportReporter -->
<testsuite hostname="DESKTOP-15ID8KU" failures="0" tests="1" name="day2.DiffWaysToCreatePostRequestBody" time="6.419" errors="0" timestamp="2024-08-19T12:13:19 IST" skipped="0">
  <testcase classname="day2.DiffWaysToCreatePostRequestBody" name="CreateUser" time="6.419"/>
  <system-out/>
</testsuite> <!-- day2.DiffWaysToCreatePostRequestBody -->
