<?xml version="1.0" encoding="UTF-8"?>
<!-- Generated by org.testng.reporters.JUnitReportReporter -->
<testsuite hostname="DESKTOP-15ID8KU" failures="0" tests="1" name="day2.DiffWaysToCreatePostRequestBody" time="5.476" errors="0" timestamp="2024-08-21T17:41:54 IST" skipped="0">
  <testcase classname="day2.DiffWaysToCreatePostRequestBody" name="CreateUserUsingExternalJSONFile" time="5.476"/>
  <system-out/>
</testsuite> <!-- day2.DiffWaysToCreatePostRequestBody -->
