<?xml version="1.0" encoding="UTF-8"?>
<!-- Generated by org.testng.reporters.JUnitReportReporter -->
<testsuite hostname="DESKTOP-15ID8KU" failures="0" tests="1" name="day1.HTTPRequests" time="8.260" errors="0" timestamp="2024-08-17T20:28:47 IST" skipped="0">
  <testcase classname="day1.HTTPRequests" name="getUsers" time="8.260"/>
  <system-out/>
</testsuite> <!-- day1.HTTPRequests -->
