<?xml version="1.0" encoding="UTF-8"?>
<!-- Generated by org.testng.reporters.JUnitReportReporter -->
<testsuite hostname="DESKTOP-15ID8KU" failures="0" tests="4" name="day1.HTTPRequests" time="9.703" errors="0" timestamp="2024-08-18T17:52:12 IST" skipped="0">
  <testcase classname="day1.HTTPRequests" name="getUsers" time="6.943"/>
  <system-out/>
  <testcase classname="day1.HTTPRequests" name="ctreateUser" time="1.689"/>
  <system-out/>
  <testcase classname="day1.HTTPRequests" name="updateUser" time="0.589"/>
  <system-out/>
  <testcase classname="day1.HTTPRequests" name="deleteUser" time="0.482"/>
  <system-out/>
</testsuite> <!-- day1.HTTPRequests -->
